

Microchip MPLAB XC8 Assembler V2.05 build -831301201 
                                                                                               Sat Apr 13 10:35:31 2019

Microchip MPLAB XC8 C Compiler v2.05 (Free license) build 20181220022703 Og1 
     1                           	processor	16F628A
     2                           	opt	pw 120
     3                           	opt	flic
     4                           	psect	cinit,global,class=CODE,merge=1,delta=2
     5                           	psect	cstackCOMMON,global,class=COMMON,space=1,delta=1
     6                           	psect	maintext,global,class=CODE,split=1,delta=2
     7                           	dabs	1,0x7E,2
     8  0000                     
     9                           ; Version 2.05
    10                           ; Generated 20/12/2018 GMT
    11                           ; 
    12                           ; Copyright © 2018, Microchip Technology Inc. and its subsidiaries ("Microchip")
    13                           ; All rights reserved.
    14                           ; 
    15                           ; This software is developed by Microchip Technology Inc. and its subsidiaries ("Microch
      +                          ip").
    16                           ; 
    17                           ; Redistribution and use in source and binary forms, with or without modification, are
    18                           ; permitted provided that the following conditions are met:
    19                           ; 
    20                           ;     1. Redistributions of source code must retain the above copyright notice, this lis
      +                          t of
    21                           ;        conditions and the following disclaimer.
    22                           ; 
    23                           ;     2. Redistributions in binary form must reproduce the above copyright notice, this 
      +                          list
    24                           ;        of conditions and the following disclaimer in the documentation and/or other
    25                           ;        materials provided with the distribution.
    26                           ; 
    27                           ;     3. Microchip's name may not be used to endorse or promote products derived from th
      +                          is
    28                           ;        software without specific prior written permission.
    29                           ; 
    30                           ; THIS SOFTWARE IS PROVIDED BY MICROCHIP "AS IS" AND ANY EXPRESS OR IMPLIED WARRANTIES,
    31                           ; INCLUDING, BUT NOT LIMITED TO, THE IMPLIED WARRANTIES OF MERCHANTABILITY AND FITNESS F
      +                          OR
    32                           ; PURPOSE ARE DISCLAIMED.  IN NO EVENT SHALL MICROCHIP BE LIABLE FOR ANY DIRECT, INDIREC
      +                          T,
    33                           ; INCIDENTAL, SPECIAL, EXEMPLARY, OR CONSEQUENTIAL DAMAGES (INCLUDING BUT NOT LIMITED TO
    34                           ; PROCUREMENT OF SUBSTITUTE GOODS OR SERVICES; LOSS OF USE, DATA OR PROFITS; OR BUSINESS
    35                           ; INTERRUPTION) HOWSOEVER CAUSED AND ON ANY THEORY OF LIABILITY, WHETHER IN CONTRACT, ST
      +                          RICT
    36                           ; LIABILITY, OR TORT (INCLUDING NEGLIGENCE OR OTHERWISE) ARISING IN ANY WAY OUT OF THE U
      +                          SE OF
    37                           ; THIS SOFTWARE, EVEN IF ADVISED OF THE POSSIBILITY OF SUCH DAMAGE.
    38                           ; 
    39                           ; 
    40                           ; Code-generator required, PIC16F628A Definitions
    41                           ; 
    42                           ; SFR Addresses
    43  0000                     	;# 
    44  0001                     	;# 
    45  0002                     	;# 
    46  0003                     	;# 
    47  0004                     	;# 
    48  0005                     	;# 
    49  0006                     	;# 
    50  000A                     	;# 
    51  000B                     	;# 
    52  000C                     	;# 
    53  000E                     	;# 
    54  000E                     	;# 
    55  000F                     	;# 
    56  0010                     	;# 
    57  0011                     	;# 
    58  0012                     	;# 
    59  0015                     	;# 
    60  0015                     	;# 
    61  0016                     	;# 
    62  0017                     	;# 
    63  0018                     	;# 
    64  0019                     	;# 
    65  001A                     	;# 
    66  001F                     	;# 
    67  0081                     	;# 
    68  0085                     	;# 
    69  0086                     	;# 
    70  008C                     	;# 
    71  008E                     	;# 
    72  0092                     	;# 
    73  0098                     	;# 
    74  0099                     	;# 
    75  009A                     	;# 
    76  009B                     	;# 
    77  009C                     	;# 
    78  009D                     	;# 
    79  009F                     	;# 
    80  0000                     	;# 
    81  0001                     	;# 
    82  0002                     	;# 
    83  0003                     	;# 
    84  0004                     	;# 
    85  0005                     	;# 
    86  0006                     	;# 
    87  000A                     	;# 
    88  000B                     	;# 
    89  000C                     	;# 
    90  000E                     	;# 
    91  000E                     	;# 
    92  000F                     	;# 
    93  0010                     	;# 
    94  0011                     	;# 
    95  0012                     	;# 
    96  0015                     	;# 
    97  0015                     	;# 
    98  0016                     	;# 
    99  0017                     	;# 
   100  0018                     	;# 
   101  0019                     	;# 
   102  001A                     	;# 
   103  001F                     	;# 
   104  0081                     	;# 
   105  0085                     	;# 
   106  0086                     	;# 
   107  008C                     	;# 
   108  008E                     	;# 
   109  0092                     	;# 
   110  0098                     	;# 
   111  0099                     	;# 
   112  009A                     	;# 
   113  009B                     	;# 
   114  009C                     	;# 
   115  009D                     	;# 
   116  009F                     	;# 
   117  0005                     _PORTA	set	5
   118  0028                     _RA0	set	40
   119  0029                     _RA1	set	41
   120  0030                     _RB0	set	48
   121  0086                     _TRISB	set	134
   122  0085                     _TRISA	set	133
   123                           
   124                           ; #config settings
   125  0000                     
   126                           	psect	cinit
   127  07FE                     start_initialization:	
   128  07FE                     __initialization:	
   129  07FE                     end_of_initialization:	
   130                           ;End of C runtime variable initialization code
   131                           
   132  07FE                     __end_of__initialization:	
   133  07FE  0183               	clrf	3
   134  07FF  2F7A               	ljmp	_main	;jump to C main() function
   135                           
   136                           	psect	cstackCOMMON
   137  0070                     __pcstackCOMMON:	
   138  0070                     ?_main:	
   139  0070                     ??_main:	
   140                           ; 1 bytes @ 0x0
   141                           
   142                           
   143                           ; 1 bytes @ 0x0
   144  0070                     	ds	3
   145  0073                     main@estado:	
   146                           
   147                           ; 2 bytes @ 0x3
   148  0073                     	ds	2
   149                           
   150                           	psect	maintext
   151  077A                     __pmaintext:	
   152 ;;
   153 ;;Main: autosize = 0, tempsize = 3, incstack = 0, save=0
   154 ;;
   155 ;; *************** function _main *****************
   156 ;; Defined at:
   157 ;;		line 13 in file "main.c"
   158 ;; Parameters:    Size  Location     Type
   159 ;;		None
   160 ;; Auto vars:     Size  Location     Type
   161 ;;  estado          2    3[COMMON] int 
   162 ;; Return value:  Size  Location     Type
   163 ;;                  1    wreg      void 
   164 ;; Registers used:
   165 ;;		wreg, status,2, status,0
   166 ;; Tracked objects:
   167 ;;		On entry : B00/0
   168 ;;		On exit  : 0/0
   169 ;;		Unchanged: 0/0
   170 ;; Data sizes:     COMMON   BANK0   BANK1   BANK2
   171 ;;      Params:         0       0       0       0
   172 ;;      Locals:         2       0       0       0
   173 ;;      Temps:          3       0       0       0
   174 ;;      Totals:         5       0       0       0
   175 ;;Total ram usage:        5 bytes
   176 ;; This function calls:
   177 ;;		Nothing
   178 ;; This function is called by:
   179 ;;		Startup code after reset
   180 ;; This function uses a non-reentrant model
   181 ;;
   182                           
   183                           
   184                           ;psect for function _main
   185  077A                     _main:	
   186                           
   187                           ;main.c: 14:     TRISA = 0b00000000;
   188                           
   189                           ;incstack = 0
   190                           ; Regs used in _main: [wreg+status,2+status,0]
   191  077A  1683               	bsf	3,5	;RP0=1, select bank1
   192  077B  1303               	bcf	3,6	;RP1=0, select bank1
   193  077C  0185               	clrf	5	;volatile
   194                           
   195                           ;main.c: 15:     TRISB = 0b00000001;
   196  077D  3001               	movlw	1
   197  077E  0086               	movwf	6	;volatile
   198                           
   199                           ;main.c: 16:     PORTA =0;
   200  077F  1283               	bcf	3,5	;RP0=0, select bank0
   201  0780  1303               	bcf	3,6	;RP1=0, select bank0
   202  0781  0185               	clrf	5	;volatile
   203  0782                     l626:	
   204                           
   205                           ;main.c: 25:     int estado = 0;
   206  0782  01F3               	clrf	main@estado
   207  0783  01F4               	clrf	main@estado+1
   208  0784                     l628:	
   209                           
   210                           ;main.c: 28:         if(estado == 0){
   211  0784  0873               	movf	main@estado,w
   212  0785  0474               	iorwf	main@estado+1,w
   213  0786  1D03               	btfss	3,2
   214  0787  2FAD               	goto	l636
   215                           
   216                           ;main.c: 29:             if(RB0 == 0){
   217  0788  1283               	bcf	3,5	;RP0=0, select bank0
   218  0789  1303               	bcf	3,6	;RP1=0, select bank0
   219  078A  1806               	btfsc	6,0	;volatile
   220  078B  2FAD               	goto	l636
   221                           
   222                           ;main.c: 30:                 _delay((unsigned long)((500)*(4000000/4000.0)));
   223  078C  3003               	movlw	3
   224  078D  00F2               	movwf	??_main+2
   225  078E  308A               	movlw	138
   226  078F  00F1               	movwf	??_main+1
   227  0790  3055               	movlw	85
   228  0791  00F0               	movwf	??_main
   229  0792                     u77:	
   230  0792  0BF0               	decfsz	??_main,f
   231  0793  2F92               	goto	u77
   232  0794  0BF1               	decfsz	??_main+1,f
   233  0795  2F92               	goto	u77
   234  0796  0BF2               	decfsz	??_main+2,f
   235  0797  2F92               	goto	u77
   236  0798  2F99               	nop2
   237                           
   238                           ;main.c: 31:                 RA1 = 1;
   239  0799  1283               	bcf	3,5	;RP0=0, select bank0
   240  079A  1303               	bcf	3,6	;RP1=0, select bank0
   241  079B  1485               	bsf	5,1	;volatile
   242                           
   243                           ;main.c: 32:                 _delay((unsigned long)((250)*(4000000/4000.0)));
   244  079C  3002               	movlw	2
   245  079D  00F2               	movwf	??_main+2
   246  079E  3045               	movlw	69
   247  079F  00F1               	movwf	??_main+1
   248  07A0  30A9               	movlw	169
   249  07A1  00F0               	movwf	??_main
   250  07A2                     u87:	
   251  07A2  0BF0               	decfsz	??_main,f
   252  07A3  2FA2               	goto	u87
   253  07A4  0BF1               	decfsz	??_main+1,f
   254  07A5  2FA2               	goto	u87
   255  07A6  0BF2               	decfsz	??_main+2,f
   256  07A7  2FA2               	goto	u87
   257  07A8  2FA9               	nop2
   258                           
   259                           ;main.c: 33:                 estado = 1;
   260  07A9  3001               	movlw	1
   261  07AA  00F3               	movwf	main@estado
   262  07AB  3000               	movlw	0
   263  07AC  00F4               	movwf	main@estado+1
   264  07AD                     l636:	
   265                           
   266                           ;main.c: 36:         if(estado == 1){
   267  07AD  0373               	decf	main@estado,w
   268  07AE  0474               	iorwf	main@estado+1,w
   269  07AF  1D03               	btfss	3,2
   270  07B0  2FD6               	goto	l644
   271                           
   272                           ;main.c: 37:             if(RB0 == 0){
   273  07B1  1283               	bcf	3,5	;RP0=0, select bank0
   274  07B2  1303               	bcf	3,6	;RP1=0, select bank0
   275  07B3  1806               	btfsc	6,0	;volatile
   276  07B4  2FD6               	goto	l644
   277                           
   278                           ;main.c: 38:                 _delay((unsigned long)((500)*(4000000/4000.0)));
   279  07B5  3003               	movlw	3
   280  07B6  00F2               	movwf	??_main+2
   281  07B7  308A               	movlw	138
   282  07B8  00F1               	movwf	??_main+1
   283  07B9  3055               	movlw	85
   284  07BA  00F0               	movwf	??_main
   285  07BB                     u97:	
   286  07BB  0BF0               	decfsz	??_main,f
   287  07BC  2FBB               	goto	u97
   288  07BD  0BF1               	decfsz	??_main+1,f
   289  07BE  2FBB               	goto	u97
   290  07BF  0BF2               	decfsz	??_main+2,f
   291  07C0  2FBB               	goto	u97
   292  07C1  2FC2               	nop2
   293                           
   294                           ;main.c: 39:                 RA0 = 1;
   295  07C2  1283               	bcf	3,5	;RP0=0, select bank0
   296  07C3  1303               	bcf	3,6	;RP1=0, select bank0
   297  07C4  1405               	bsf	5,0	;volatile
   298                           
   299                           ;main.c: 40:                 _delay((unsigned long)((250)*(4000000/4000.0)));
   300  07C5  3002               	movlw	2
   301  07C6  00F2               	movwf	??_main+2
   302  07C7  3045               	movlw	69
   303  07C8  00F1               	movwf	??_main+1
   304  07C9  30A9               	movlw	169
   305  07CA  00F0               	movwf	??_main
   306  07CB                     u107:	
   307  07CB  0BF0               	decfsz	??_main,f
   308  07CC  2FCB               	goto	u107
   309  07CD  0BF1               	decfsz	??_main+1,f
   310  07CE  2FCB               	goto	u107
   311  07CF  0BF2               	decfsz	??_main+2,f
   312  07D0  2FCB               	goto	u107
   313  07D1  2FD2               	nop2
   314                           
   315                           ;main.c: 41:                 estado = 2;
   316  07D2  3002               	movlw	2
   317  07D3  00F3               	movwf	main@estado
   318  07D4  3000               	movlw	0
   319  07D5  00F4               	movwf	main@estado+1
   320  07D6                     l644:	
   321                           
   322                           ;main.c: 45:         if(estado == 2){
   323  07D6  3002               	movlw	2
   324  07D7  0673               	xorwf	main@estado,w
   325  07D8  0474               	iorwf	main@estado+1,w
   326  07D9  1D03               	btfss	3,2
   327  07DA  2F84               	goto	l628
   328                           
   329                           ;main.c: 46:             if(RB0 == 0){
   330  07DB  1283               	bcf	3,5	;RP0=0, select bank0
   331  07DC  1303               	bcf	3,6	;RP1=0, select bank0
   332  07DD  1806               	btfsc	6,0	;volatile
   333  07DE  2F84               	goto	l628
   334                           
   335                           ;main.c: 47:                 _delay((unsigned long)((500)*(4000000/4000.0)));
   336  07DF  3003               	movlw	3
   337  07E0  00F2               	movwf	??_main+2
   338  07E1  308A               	movlw	138
   339  07E2  00F1               	movwf	??_main+1
   340  07E3  3055               	movlw	85
   341  07E4  00F0               	movwf	??_main
   342  07E5                     u117:	
   343  07E5  0BF0               	decfsz	??_main,f
   344  07E6  2FE5               	goto	u117
   345  07E7  0BF1               	decfsz	??_main+1,f
   346  07E8  2FE5               	goto	u117
   347  07E9  0BF2               	decfsz	??_main+2,f
   348  07EA  2FE5               	goto	u117
   349  07EB  2FEC               	nop2
   350                           
   351                           ;main.c: 48:                 RA1 = 0;
   352  07EC  1283               	bcf	3,5	;RP0=0, select bank0
   353  07ED  1303               	bcf	3,6	;RP1=0, select bank0
   354  07EE  1085               	bcf	5,1	;volatile
   355                           
   356                           ;main.c: 49:                 RA0 = 0;
   357  07EF  1005               	bcf	5,0	;volatile
   358                           
   359                           ;main.c: 50:                 _delay((unsigned long)((250)*(4000000/4000.0)));
   360  07F0  3002               	movlw	2
   361  07F1  00F2               	movwf	??_main+2
   362  07F2  3045               	movlw	69
   363  07F3  00F1               	movwf	??_main+1
   364  07F4  30A9               	movlw	169
   365  07F5  00F0               	movwf	??_main
   366  07F6                     u127:	
   367  07F6  0BF0               	decfsz	??_main,f
   368  07F7  2FF6               	goto	u127
   369  07F8  0BF1               	decfsz	??_main+1,f
   370  07F9  2FF6               	goto	u127
   371  07FA  0BF2               	decfsz	??_main+2,f
   372  07FB  2FF6               	goto	u127
   373  07FC  2FFD               	nop2
   374  07FD  2F82               	goto	l626
   375  07FE                     __end_of_main:	
   376  007E                     btemp	set	126	;btemp
   377  007E                     wtemp0	set	126


Data Sizes:
    Strings     0
    Constant    0
    Data        0
    BSS         0
    Persistent  0
    Stack       0

Auto Spaces:
    Space          Size  Autos    Used
    COMMON           14      5       5
    BANK0            80      0       0
    BANK1            80      0       0
    BANK2            48      0       0

Pointer List with Targets:

    None.

Critical Paths under _main in COMMON

    None.

Critical Paths under _main in BANK0

    None.

Critical Paths under _main in BANK1

    None.

Critical Paths under _main in BANK2

    None.

Call Graph Tables:

 ---------------------------------------------------------------------------------
 (Depth) Function   	        Calls       Base Space   Used Autos Params    Refs
 ---------------------------------------------------------------------------------
 (0) _main                                                 5     5      0      45
                                              0 COMMON     5     5      0
 ---------------------------------------------------------------------------------
 Estimated maximum stack depth 0
 ---------------------------------------------------------------------------------

 Call Graph Graphs:

 _main (ROOT)

 Address spaces:
Name               Size   Autos  Total    Cost      Usage
BITCOMMON            E      0       0       0        0.0%
EEDATA              80      0       0       0        0.0%
NULL                 0      0       0       0        0.0%
CODE                 0      0       0       0        0.0%
COMMON               E      5       5       1       35.7%
BITSFR0              0      0       0       1        0.0%
SFR0                 0      0       0       1        0.0%
BITSFR1              0      0       0       2        0.0%
SFR1                 0      0       0       2        0.0%
STACK                0      0       0       2        0.0%
BANK0               50      0       0       3        0.0%
BITSFR3              0      0       0       4        0.0%
SFR3                 0      0       0       4        0.0%
ABS                  0      0       0       4        0.0%
BITBANK0            50      0       0       5        0.0%
BITSFR2              0      0       0       5        0.0%
SFR2                 0      0       0       5        0.0%
BITBANK1            50      0       0       6        0.0%
BANK1               50      0       0       7        0.0%
BITBANK2            30      0       0       8        0.0%
BANK2               30      0       0       9        0.0%
DATA                 0      0       0      10        0.0%


Microchip Technology PIC Macro Assembler V2.05 build -831301201 
Symbol Table                                                                                   Sat Apr 13 10:35:31 2019

            __CFG_CP$OFF 0000                       u77 0792                       u87 07A2  
                     u97 07BB                      l626 0782                      l644 07D6  
                    l636 07AD                      l628 0784                      _RA0 0028  
                    _RA1 0029                      _RB0 0030                      u107 07CB  
                    u117 07E5                      u127 07F6             __CFG_CPD$OFF 0000  
           __CFG_LVP$OFF 0000                     _main 077A                     btemp 007E  
                   start 0000                    ?_main 0070            __CFG_WDTE$OFF 0000  
                  _PORTA 0005                    _TRISA 0085                    _TRISB 0086  
         __CFG_BOREN$OFF 0000                    status 0003                    wtemp0 007E  
         __CFG_MCLRE$OFF 0000          __initialization 07FE             __end_of_main 07FE  
                 ??_main 0070           __CFG_PWRTE$OFF 0000  __end_of__initialization 07FE  
         __pcstackCOMMON 0070               __pmaintext 077A     end_of_initialization 07FE  
             main@estado 0073      start_initialization 07FE                ___latbits 0000  
          __size_of_main 0084      __CFG_FOSC$INTOSCCLK 0000  
